PUBLIC_IP: 192.168.1.110 interface em0
PK_PROTECT_LEVEL: 15PLAYER_MAX_LEVEL: 120
LocaleService tr
LocaleService en
LocaleService ro
LocaleService pt
LocaleService es
LocaleService fr
LocaleService de
LocaleService pl
LocaleService it
LocaleService cz
LocaleService hu
LocaleService tr
HOSTNAME: channel1_core1
AsyncSQL: connected to localhost (reconnect 1)
CommonSQL connected
Setting Locale "europe" (Path: locale/europe)
Setting DB to locale utf8mb4
AsyncSQL: connected to localhost (reconnect 1)
PlayerSQL connected
LogSQL connected
AsyncSQL: connected to localhost (reconnect 1)
AsyncSQL: connected to localhost (reconnect 1)
SKILL_POWER_BY_LEVEL 0 5 6 8 10 12 14 16 18 20 22 24 26 28 30 32 34 36 38 40 50 52 54 56 58 60 63 66 69 72 82 85 88 91 94 98 102 106 110 115 125 125 125 125 125
SKILL_POWER_BY_JOB 0 0 5 6 8 10 12 14 16 18 20 22 24 26 28 30 32 34 36 38 40 50 52 54 56 58 60 63 66 69 72 82 85 88 91 94 98 102 106 110 115 125 125 125 125 125
SKILL_POWER_BY_JOB 1 0 5 6 8 10 12 14 16 18 20 22 24 26 28 30 32 34 36 38 40 50 52 54 56 58 60 63 66 69 72 82 85 88 91 94 98 102 106 110 115 125 125 125 125 125
SKILL_POWER_BY_JOB 2 0 5 6 8 10 12 14 16 18 20 22 24 26 28 30 32 34 36 38 40 50 52 54 56 58 60 63 66 69 72 82 85 88 91 94 98 102 106 110 115 125 125 125 125 125
AsyncSQL: connected to localhost (reconnect 1)
SKILL_POWER_BY_JOB 3 0 5 6 8 10 12 14 16 18 20 22 24 26 28 30 32 34 36 38 40 50 52 54 56 58 60 63 66 69 72 82 85 88 91 94 98 102 106 110 115 125 125 125 125 125
SKILL_POWER_BY_JOB 4 0 5 6 8 10 12 14 16 18 20 22 24 26 28 30 32 34 36 38 40 50 52 54 56 58 60 63 66 69 72 82 85 88 91 94 98 102 106 110 115 125 125 125 125 125
SKILL_POWER_BY_JOB 5 0 5 6 8 10 12 14 16 18 20 22 24 26 28 30 32 34 36 38 40 50 52 54 56 58 60 63 66 69 72 82 85 88 91 94 98 102 106 110 115 125 125 125 125 125
SKILL_POWER_BY_JOB 6 0 5 6 8 10 12 14 16 18 20 22 24 26 28 30 32 34 36 38 40 50 52 54 56 58 60 63 66 69 72 82 85 88 91 94 98 102 106 110 115 125 125 125 125 125
SKILL_POWER_BY_JOB 7 0 5 6 8 10 12 14 16 18 20 22 24 26 28 30 32 34 36 38 40 50 52 54 56 58 60 63 66 69 72 82 85 88 91 94 98 102 106 110 115 125 125 125 125 125
MAP ALLOW 1
MAP ALLOW 4
MAP ALLOW 5
MAP ALLOW 6
MAP ALLOW 3
MAP ALLOW 23
MAP ALLOW 43
MAP ALLOW 112
MAP ALLOW 107
MAP ALLOW 67
MAP ALLOW 68
MAP ALLOW 72
MAP ALLOW 144
MAP ALLOW 231
MAP ALLOW 302
MAP ALLOW 304
-----------------------------------------------
TEST_SERVER
-----------------------------------------------
