  StdAfx.cpp
  AccountConnector.cpp
  AffectFlagContainer.cpp
  CameraProcedure.cpp
  GameType.cpp
  GuildMarkDownloader.cpp
  GuildMarkUploader.cpp
  InstanceBase.cpp
  InstanceBaseBattle.cpp
  InstanceBaseEffect.cpp
  InstanceBaseEvent.cpp
  InstanceBaseMotion.cpp
  InstanceBaseMovement.cpp
  InstanceBaseTransform.cpp
  InsultChecker.cpp
  Locale.cpp
  MarkImage.cpp
  MarkManager.cpp
  NetworkActorManager.cpp
  ProcessCRC.cpp
  ProcessScanner.cpp
  PythonAcce.cpp
  PythonApplication.cpp
  PythonApplicationCamera.cpp
  PythonApplicationCursor.cpp
  PythonApplicationEvent.cpp
  PythonApplicationLogo.cpp
  PythonApplicationModule.cpp
  PythonApplicationProcedure.cpp
  PythonApplicationWebPage.cpp
  PythonBackground.cpp
  PythonBackgroundModule.cpp
  PythonBiologManager.cpp
  PythonBiologManagerModule.cpp
  PythonCharacterManager.cpp
  PythonCharacterManagerModule.cpp
  PythonCharacterModule.cpp
  PythonChat.cpp
  PythonChatModule.cpp
  PythonConfig.cpp
  PythonConfigModule.cpp
  PythonCubeRenewal.cpp
  PythonDynamicModuleNames.cpp
  PythonEffectModule.cpp
  PythonEventManager.cpp
  PythonEventManagerMoudle.cpp
  PythonExceptionSender.cpp
  PythonExchange.cpp
  PythonExchangeModule.cpp
  PythonFlyModule.cpp
  PythonGameEventManager.cpp
  PythonGameEventManagerModule.cpp
  PythonGuild.cpp
  PythonGuildRanking.cpp
  PythonIME.cpp
  PythonIMEModule.cpp
  PythonItem.cpp
  PythonItemModule.cpp
  PythonMessenger.cpp
  PythonMiniMap.cpp
  PythonMiniMapModule.cpp
  PythonMountUpGrade.cpp
  PythonNetworkDatagram.cpp
  PythonNetworkDatagramModule.cpp
  PythonNetworkStream.cpp
  PythonNetworkStreamCommand.cpp
  PythonNetworkStreamEvent.cpp
  PythonNetworkStreamModule.cpp
  PythonNetworkStreamPhaseGame.cpp
  PythonNetworkStreamPhaseGameActor.cpp
  PythonNetworkStreamPhaseGameItem.cpp
  PythonNetworkStreamPhaseHandShake.cpp
  PythonNetworkStreamPhaseLoading.cpp
  PythonNetworkStreamPhaseLogin.cpp
  PythonNetworkStreamPhaseOffline.cpp
  PythonNetworkStreamPhaseSelect.cpp
  PythonNonPlayer.cpp
  PythonNonPlayerModule.cpp
  PythonPackModule.cpp
  PythonPlayer.cpp
  PythonPlayerEventHandler.cpp
  PythonPlayerInput.cpp
  PythonPlayerInputKeyboard.cpp
  PythonPlayerInputMouse.cpp
  PythonPlayerModule.cpp
  PythonPlayerSettingsModule.cpp
  PythonPlayerSkill.cpp
  PythonPrivateShopSearch.cpp
  PythonProfilerModule.cpp
  PythonQuest.cpp
  PythonRenderTargetModule.cpp
  PythonSafeBox.cpp
  PythonShop.cpp
  PythonSkill.cpp
  PythonSoundManagerModule.cpp
  PythonSwitchbot.cpp
  PythonSystem.cpp
  PythonSystemModule.cpp
  PythonTextTail.cpp
  PythonTextTailModule.cpp
  PythonWiki.cpp
  ServerStateChecker.cpp
  ServerStateCheckerModule.cpp
  UserInterface.cpp
     C:\Anka2Project\Anka2Project\Source\Binary\binary\Metin2Release.lib kitaplığı ve C:\Anka2Project\Anka2Project\Source\Binary\binary\Metin2Release.exp nesnesi oluşturuluyor
  Kod üretiliyor
  1967 of 17950 functions (11.0%) were compiled, the rest were copied from previous compilation.
    102 functions were new in current compilation
    654 functions had inline decision re-evaluated but remain unchanged
  Kodun üretilmesi tamamlandı
lz4.obj : warning LNK4099: PDB 'lz4_Release.pdb', 'lz4.obj' ile veya 'C:\Anka2Project\Anka2Project\Source\Binary\binary\lz4_Release.pdb' üzerinde bulunamadı; nesne, hata ayıklama bilgileri yokmuş gibi bağlanıyor
xxhash.obj : warning LNK4099: PDB 'xxhash_Release.pdb', 'xxhash.obj' ile veya 'C:\Anka2Project\Anka2Project\Source\Binary\binary\xxhash_Release.pdb' üzerinde bulunamadı; nesne, hata ayıklama bilgileri yokmuş gibi bağlanıyor
FoxFS.lib(FoxFS.obj) : warning LNK4099: PDB 'FoxFS.pdb', 'FoxFS.lib(FoxFS.obj)' ile veya 'C:\Anka2Project\Anka2Project\Source\Binary\binary\FoxFS.pdb' üzerinde bulunamadı; nesne, hata ayıklama bilgileri yokmuş gibi bağlanıyor
FoxFS.lib(FileSystem.obj) : warning LNK4099: PDB 'FoxFS.pdb', 'FoxFS.lib(FileSystem.obj)' ile veya 'C:\Anka2Project\Anka2Project\Source\Binary\binary\FoxFS.pdb' üzerinde bulunamadı; nesne, hata ayıklama bilgileri yokmuş gibi bağlanıyor
FoxFS.lib(Archive.obj) : warning LNK4099: PDB 'FoxFS.pdb', 'FoxFS.lib(Archive.obj)' ile veya 'C:\Anka2Project\Anka2Project\Source\Binary\binary\FoxFS.pdb' üzerinde bulunamadı; nesne, hata ayıklama bilgileri yokmuş gibi bağlanıyor
libjpeg-9e.lib(jerror.obj) : warning LNK4099: PDB 'jpeg.pdb', 'libjpeg-9e.lib(jerror.obj)' ile veya 'C:\Anka2Project\Anka2Project\Source\Binary\binary\jpeg.pdb' üzerinde bulunamadı; nesne, hata ayıklama bilgileri yokmuş gibi bağlanıyor
libjpeg-9e.lib(jcapimin.obj) : warning LNK4099: PDB 'jpeg.pdb', 'libjpeg-9e.lib(jcapimin.obj)' ile veya 'C:\Anka2Project\Anka2Project\Source\Binary\binary\jpeg.pdb' üzerinde bulunamadı; nesne, hata ayıklama bilgileri yokmuş gibi bağlanıyor
libjpeg-9e.lib(jdapimin.obj) : warning LNK4099: PDB 'jpeg.pdb', 'libjpeg-9e.lib(jdapimin.obj)' ile veya 'C:\Anka2Project\Anka2Project\Source\Binary\binary\jpeg.pdb' üzerinde bulunamadı; nesne, hata ayıklama bilgileri yokmuş gibi bağlanıyor
libjpeg-9e.lib(jdatasrc.obj) : warning LNK4099: PDB 'jpeg.pdb', 'libjpeg-9e.lib(jdatasrc.obj)' ile veya 'C:\Anka2Project\Anka2Project\Source\Binary\binary\jpeg.pdb' üzerinde bulunamadı; nesne, hata ayıklama bilgileri yokmuş gibi bağlanıyor
libjpeg-9e.lib(jcparam.obj) : warning LNK4099: PDB 'jpeg.pdb', 'libjpeg-9e.lib(jcparam.obj)' ile veya 'C:\Anka2Project\Anka2Project\Source\Binary\binary\jpeg.pdb' üzerinde bulunamadı; nesne, hata ayıklama bilgileri yokmuş gibi bağlanıyor
libjpeg-9e.lib(jcapistd.obj) : warning LNK4099: PDB 'jpeg.pdb', 'libjpeg-9e.lib(jcapistd.obj)' ile veya 'C:\Anka2Project\Anka2Project\Source\Binary\binary\jpeg.pdb' üzerinde bulunamadı; nesne, hata ayıklama bilgileri yokmuş gibi bağlanıyor
libjpeg-9e.lib(jdapistd.obj) : warning LNK4099: PDB 'jpeg.pdb', 'libjpeg-9e.lib(jdapistd.obj)' ile veya 'C:\Anka2Project\Anka2Project\Source\Binary\binary\jpeg.pdb' üzerinde bulunamadı; nesne, hata ayıklama bilgileri yokmuş gibi bağlanıyor
libjpeg-9e.lib(jcomapi.obj) : warning LNK4099: PDB '', 'libjpeg-9e.lib(jcomapi.obj)' ile veya '' üzerinde bulunamadı; nesne, hata ayıklama bilgileri yokmuş gibi bağlanıyor
libjpeg-9e.lib(jutils.obj) : warning LNK4099: PDB 'jpeg.pdb', 'libjpeg-9e.lib(jutils.obj)' ile veya 'C:\Anka2Project\Anka2Project\Source\Binary\binary\jpeg.pdb' üzerinde bulunamadı; nesne, hata ayıklama bilgileri yokmuş gibi bağlanıyor
libjpeg-9e.lib(jmemmgr.obj) : warning LNK4099: PDB 'jpeg.pdb', 'libjpeg-9e.lib(jmemmgr.obj)' ile veya 'C:\Anka2Project\Anka2Project\Source\Binary\binary\jpeg.pdb' üzerinde bulunamadı; nesne, hata ayıklama bilgileri yokmuş gibi bağlanıyor
libjpeg-9e.lib(jcmarker.obj) : warning LNK4099: PDB 'jpeg.pdb', 'libjpeg-9e.lib(jcmarker.obj)' ile veya 'C:\Anka2Project\Anka2Project\Source\Binary\binary\jpeg.pdb' üzerinde bulunamadı; nesne, hata ayıklama bilgileri yokmuş gibi bağlanıyor
libjpeg-9e.lib(jdmarker.obj) : warning LNK4099: PDB 'jpeg.pdb', 'libjpeg-9e.lib(jdmarker.obj)' ile veya 'C:\Anka2Project\Anka2Project\Source\Binary\binary\jpeg.pdb' üzerinde bulunamadı; nesne, hata ayıklama bilgileri yokmuş gibi bağlanıyor
libjpeg-9e.lib(jdinput.obj) : warning LNK4099: PDB 'jpeg.pdb', 'libjpeg-9e.lib(jdinput.obj)' ile veya 'C:\Anka2Project\Anka2Project\Source\Binary\binary\jpeg.pdb' üzerinde bulunamadı; nesne, hata ayıklama bilgileri yokmuş gibi bağlanıyor
libjpeg-9e.lib(jcinit.obj) : warning LNK4099: PDB 'jpeg.pdb', 'libjpeg-9e.lib(jcinit.obj)' ile veya 'C:\Anka2Project\Anka2Project\Source\Binary\binary\jpeg.pdb' üzerinde bulunamadı; nesne, hata ayıklama bilgileri yokmuş gibi bağlanıyor
libjpeg-9e.lib(jdmaster.obj) : warning LNK4099: PDB 'jpeg.pdb', 'libjpeg-9e.lib(jdmaster.obj)' ile veya 'C:\Anka2Project\Anka2Project\Source\Binary\binary\jpeg.pdb' üzerinde bulunamadı; nesne, hata ayıklama bilgileri yokmuş gibi bağlanıyor
libjpeg-9e.lib(jmemnobs.obj) : warning LNK4099: PDB 'jpeg.pdb', 'libjpeg-9e.lib(jmemnobs.obj)' ile veya 'C:\Anka2Project\Anka2Project\Source\Binary\binary\jpeg.pdb' üzerinde bulunamadı; nesne, hata ayıklama bilgileri yokmuş gibi bağlanıyor
libjpeg-9e.lib(jcarith.obj) : warning LNK4099: PDB 'jpeg.pdb', 'libjpeg-9e.lib(jcarith.obj)' ile veya 'C:\Anka2Project\Anka2Project\Source\Binary\binary\jpeg.pdb' üzerinde bulunamadı; nesne, hata ayıklama bilgileri yokmuş gibi bağlanıyor
libjpeg-9e.lib(jcprepct.obj) : warning LNK4099: PDB 'jpeg.pdb', 'libjpeg-9e.lib(jcprepct.obj)' ile veya 'C:\Anka2Project\Anka2Project\Source\Binary\binary\jpeg.pdb' üzerinde bulunamadı; nesne, hata ayıklama bilgileri yokmuş gibi bağlanıyor
libjpeg-9e.lib(jcsample.obj) : warning LNK4099: PDB 'jpeg.pdb', 'libjpeg-9e.lib(jcsample.obj)' ile veya 'C:\Anka2Project\Anka2Project\Source\Binary\binary\jpeg.pdb' üzerinde bulunamadı; nesne, hata ayıklama bilgileri yokmuş gibi bağlanıyor
libjpeg-9e.lib(jcmainct.obj) : warning LNK4099: PDB 'jpeg.pdb', 'libjpeg-9e.lib(jcmainct.obj)' ile veya 'C:\Anka2Project\Anka2Project\Source\Binary\binary\jpeg.pdb' üzerinde bulunamadı; nesne, hata ayıklama bilgileri yokmuş gibi bağlanıyor
libjpeg-9e.lib(jcmaster.obj) : warning LNK4099: PDB 'jpeg.pdb', 'libjpeg-9e.lib(jcmaster.obj)' ile veya 'C:\Anka2Project\Anka2Project\Source\Binary\binary\jpeg.pdb' üzerinde bulunamadı; nesne, hata ayıklama bilgileri yokmuş gibi bağlanıyor
libjpeg-9e.lib(jccoefct.obj) : warning LNK4099: PDB 'jpeg.pdb', 'libjpeg-9e.lib(jccoefct.obj)' ile veya 'C:\Anka2Project\Anka2Project\Source\Binary\binary\jpeg.pdb' üzerinde bulunamadı; nesne, hata ayıklama bilgileri yokmuş gibi bağlanıyor
libjpeg-9e.lib(jccolor.obj) : warning LNK4099: PDB 'jpeg.pdb', 'libjpeg-9e.lib(jccolor.obj)' ile veya 'C:\Anka2Project\Anka2Project\Source\Binary\binary\jpeg.pdb' üzerinde bulunamadı; nesne, hata ayıklama bilgileri yokmuş gibi bağlanıyor
libjpeg-9e.lib(jchuff.obj) : warning LNK4099: PDB 'jpeg.pdb', 'libjpeg-9e.lib(jchuff.obj)' ile veya 'C:\Anka2Project\Anka2Project\Source\Binary\binary\jpeg.pdb' üzerinde bulunamadı; nesne, hata ayıklama bilgileri yokmuş gibi bağlanıyor
libjpeg-9e.lib(jcdctmgr.obj) : warning LNK4099: PDB 'jpeg.pdb', 'libjpeg-9e.lib(jcdctmgr.obj)' ile veya 'C:\Anka2Project\Anka2Project\Source\Binary\binary\jpeg.pdb' üzerinde bulunamadı; nesne, hata ayıklama bilgileri yokmuş gibi bağlanıyor
libjpeg-9e.lib(jquant1.obj) : warning LNK4099: PDB 'jpeg.pdb', 'libjpeg-9e.lib(jquant1.obj)' ile veya 'C:\Anka2Project\Anka2Project\Source\Binary\binary\jpeg.pdb' üzerinde bulunamadı; nesne, hata ayıklama bilgileri yokmuş gibi bağlanıyor
libjpeg-9e.lib(jdmerge.obj) : warning LNK4099: PDB 'jpeg.pdb', 'libjpeg-9e.lib(jdmerge.obj)' ile veya 'C:\Anka2Project\Anka2Project\Source\Binary\binary\jpeg.pdb' üzerinde bulunamadı; nesne, hata ayıklama bilgileri yokmuş gibi bağlanıyor
libjpeg-9e.lib(jdsample.obj) : warning LNK4099: PDB 'jpeg.pdb', 'libjpeg-9e.lib(jdsample.obj)' ile veya 'C:\Anka2Project\Anka2Project\Source\Binary\binary\jpeg.pdb' üzerinde bulunamadı; nesne, hata ayıklama bilgileri yokmuş gibi bağlanıyor
libjpeg-9e.lib(jdhuff.obj) : warning LNK4099: PDB 'jpeg.pdb', 'libjpeg-9e.lib(jdhuff.obj)' ile veya 'C:\Anka2Project\Anka2Project\Source\Binary\binary\jpeg.pdb' üzerinde bulunamadı; nesne, hata ayıklama bilgileri yokmuş gibi bağlanıyor
libjpeg-9e.lib(jquant2.obj) : warning LNK4099: PDB 'jpeg.pdb', 'libjpeg-9e.lib(jquant2.obj)' ile veya 'C:\Anka2Project\Anka2Project\Source\Binary\binary\jpeg.pdb' üzerinde bulunamadı; nesne, hata ayıklama bilgileri yokmuş gibi bağlanıyor
libjpeg-9e.lib(jdarith.obj) : warning LNK4099: PDB 'jpeg.pdb', 'libjpeg-9e.lib(jdarith.obj)' ile veya 'C:\Anka2Project\Anka2Project\Source\Binary\binary\jpeg.pdb' üzerinde bulunamadı; nesne, hata ayıklama bilgileri yokmuş gibi bağlanıyor
libjpeg-9e.lib(jdcoefct.obj) : warning LNK4099: PDB 'jpeg.pdb', 'libjpeg-9e.lib(jdcoefct.obj)' ile veya 'C:\Anka2Project\Anka2Project\Source\Binary\binary\jpeg.pdb' üzerinde bulunamadı; nesne, hata ayıklama bilgileri yokmuş gibi bağlanıyor
libjpeg-9e.lib(jdcolor.obj) : warning LNK4099: PDB 'jpeg.pdb', 'libjpeg-9e.lib(jdcolor.obj)' ile veya 'C:\Anka2Project\Anka2Project\Source\Binary\binary\jpeg.pdb' üzerinde bulunamadı; nesne, hata ayıklama bilgileri yokmuş gibi bağlanıyor
libjpeg-9e.lib(jdmainct.obj) : warning LNK4099: PDB 'jpeg.pdb', 'libjpeg-9e.lib(jdmainct.obj)' ile veya 'C:\Anka2Project\Anka2Project\Source\Binary\binary\jpeg.pdb' üzerinde bulunamadı; nesne, hata ayıklama bilgileri yokmuş gibi bağlanıyor
libjpeg-9e.lib(jddctmgr.obj) : warning LNK4099: PDB 'jpeg.pdb', 'libjpeg-9e.lib(jddctmgr.obj)' ile veya 'C:\Anka2Project\Anka2Project\Source\Binary\binary\jpeg.pdb' üzerinde bulunamadı; nesne, hata ayıklama bilgileri yokmuş gibi bağlanıyor
libjpeg-9e.lib(jdpostct.obj) : warning LNK4099: PDB 'jpeg.pdb', 'libjpeg-9e.lib(jdpostct.obj)' ile veya 'C:\Anka2Project\Anka2Project\Source\Binary\binary\jpeg.pdb' üzerinde bulunamadı; nesne, hata ayıklama bilgileri yokmuş gibi bağlanıyor
libjpeg-9e.lib(jaricom.obj) : warning LNK4099: PDB 'jpeg.pdb', 'libjpeg-9e.lib(jaricom.obj)' ile veya 'C:\Anka2Project\Anka2Project\Source\Binary\binary\jpeg.pdb' üzerinde bulunamadı; nesne, hata ayıklama bilgileri yokmuş gibi bağlanıyor
libjpeg-9e.lib(jfdctint.obj) : warning LNK4099: PDB 'jpeg.pdb', 'libjpeg-9e.lib(jfdctint.obj)' ile veya 'C:\Anka2Project\Anka2Project\Source\Binary\binary\jpeg.pdb' üzerinde bulunamadı; nesne, hata ayıklama bilgileri yokmuş gibi bağlanıyor
libjpeg-9e.lib(jfdctfst.obj) : warning LNK4099: PDB 'jpeg.pdb', 'libjpeg-9e.lib(jfdctfst.obj)' ile veya 'C:\Anka2Project\Anka2Project\Source\Binary\binary\jpeg.pdb' üzerinde bulunamadı; nesne, hata ayıklama bilgileri yokmuş gibi bağlanıyor
libjpeg-9e.lib(jfdctflt.obj) : warning LNK4099: PDB 'jpeg.pdb', 'libjpeg-9e.lib(jfdctflt.obj)' ile veya 'C:\Anka2Project\Anka2Project\Source\Binary\binary\jpeg.pdb' üzerinde bulunamadı; nesne, hata ayıklama bilgileri yokmuş gibi bağlanıyor
libjpeg-9e.lib(jidctint.obj) : warning LNK4099: PDB 'jpeg.pdb', 'libjpeg-9e.lib(jidctint.obj)' ile veya 'C:\Anka2Project\Anka2Project\Source\Binary\binary\jpeg.pdb' üzerinde bulunamadı; nesne, hata ayıklama bilgileri yokmuş gibi bağlanıyor
libjpeg-9e.lib(jidctfst.obj) : warning LNK4099: PDB 'jpeg.pdb', 'libjpeg-9e.lib(jidctfst.obj)' ile veya 'C:\Anka2Project\Anka2Project\Source\Binary\binary\jpeg.pdb' üzerinde bulunamadı; nesne, hata ayıklama bilgileri yokmuş gibi bağlanıyor
libjpeg-9e.lib(jidctflt.obj) : warning LNK4099: PDB 'jpeg.pdb', 'libjpeg-9e.lib(jidctflt.obj)' ile veya 'C:\Anka2Project\Anka2Project\Source\Binary\binary\jpeg.pdb' üzerinde bulunamadı; nesne, hata ayıklama bilgileri yokmuş gibi bağlanıyor
cryptopp_lib.lib(cryptlib.obj) : warning LNK4099: PDB 'cryptlib.pdb', 'cryptopp_lib.lib(cryptlib.obj)' ile veya 'C:\Anka2Project\Anka2Project\Source\Binary\binary\cryptlib.pdb' üzerinde bulunamadı; nesne, hata ayıklama bilgileri yokmuş gibi bağlanıyor
cryptopp_lib.lib(cpu.obj) : warning LNK4099: PDB 'cryptlib.pdb', 'cryptopp_lib.lib(cpu.obj)' ile veya 'C:\Anka2Project\Anka2Project\Source\Binary\binary\cryptlib.pdb' üzerinde bulunamadı; nesne, hata ayıklama bilgileri yokmuş gibi bağlanıyor
cryptopp_lib.lib(integer.obj) : warning LNK4099: PDB 'cryptlib.pdb', 'cryptopp_lib.lib(integer.obj)' ile veya 'C:\Anka2Project\Anka2Project\Source\Binary\binary\cryptlib.pdb' üzerinde bulunamadı; nesne, hata ayıklama bilgileri yokmuş gibi bağlanıyor
cryptopp_lib.lib(algparam.obj) : warning LNK4099: PDB 'cryptlib.pdb', 'cryptopp_lib.lib(algparam.obj)' ile veya 'C:\Anka2Project\Anka2Project\Source\Binary\binary\cryptlib.pdb' üzerinde bulunamadı; nesne, hata ayıklama bilgileri yokmuş gibi bağlanıyor
cryptopp_lib.lib(allocate.obj) : warning LNK4099: PDB 'cryptlib.pdb', 'cryptopp_lib.lib(allocate.obj)' ile veya 'C:\Anka2Project\Anka2Project\Source\Binary\binary\cryptlib.pdb' üzerinde bulunamadı; nesne, hata ayıklama bilgileri yokmuş gibi bağlanıyor
cryptopp_lib.lib(asn.obj) : warning LNK4099: PDB 'cryptlib.pdb', 'cryptopp_lib.lib(asn.obj)' ile veya 'C:\Anka2Project\Anka2Project\Source\Binary\binary\cryptlib.pdb' üzerinde bulunamadı; nesne, hata ayıklama bilgileri yokmuş gibi bağlanıyor
cryptopp_lib.lib(basecode.obj) : warning LNK4099: PDB 'cryptlib.pdb', 'cryptopp_lib.lib(basecode.obj)' ile veya 'C:\Anka2Project\Anka2Project\Source\Binary\binary\cryptlib.pdb' üzerinde bulunamadı; nesne, hata ayıklama bilgileri yokmuş gibi bağlanıyor
cryptopp_lib.lib(crc.obj) : warning LNK4099: PDB 'cryptlib.pdb', 'cryptopp_lib.lib(crc.obj)' ile veya 'C:\Anka2Project\Anka2Project\Source\Binary\binary\cryptlib.pdb' üzerinde bulunamadı; nesne, hata ayıklama bilgileri yokmuş gibi bağlanıyor
cryptopp_lib.lib(crc_simd.obj) : warning LNK4099: PDB 'cryptlib.pdb', 'cryptopp_lib.lib(crc_simd.obj)' ile veya 'C:\Anka2Project\Anka2Project\Source\Binary\binary\cryptlib.pdb' üzerinde bulunamadı; nesne, hata ayıklama bilgileri yokmuş gibi bağlanıyor
cryptopp_lib.lib(dll.obj) : warning LNK4099: PDB 'cryptlib.pdb', 'cryptopp_lib.lib(dll.obj)' ile veya 'C:\Anka2Project\Anka2Project\Source\Binary\binary\cryptlib.pdb' üzerinde bulunamadı; nesne, hata ayıklama bilgileri yokmuş gibi bağlanıyor
cryptopp_lib.lib(ec2n.obj) : warning LNK4099: PDB 'cryptlib.pdb', 'cryptopp_lib.lib(ec2n.obj)' ile veya 'C:\Anka2Project\Anka2Project\Source\Binary\binary\cryptlib.pdb' üzerinde bulunamadı; nesne, hata ayıklama bilgileri yokmuş gibi bağlanıyor
cryptopp_lib.lib(ecp.obj) : warning LNK4099: PDB 'cryptlib.pdb', 'cryptopp_lib.lib(ecp.obj)' ile veya 'C:\Anka2Project\Anka2Project\Source\Binary\binary\cryptlib.pdb' üzerinde bulunamadı; nesne, hata ayıklama bilgileri yokmuş gibi bağlanıyor
cryptopp_lib.lib(filters.obj) : warning LNK4099: PDB 'cryptlib.pdb', 'cryptopp_lib.lib(filters.obj)' ile veya 'C:\Anka2Project\Anka2Project\Source\Binary\binary\cryptlib.pdb' üzerinde bulunamadı; nesne, hata ayıklama bilgileri yokmuş gibi bağlanıyor
cryptopp_lib.lib(fips140.obj) : warning LNK4099: PDB 'cryptlib.pdb', 'cryptopp_lib.lib(fips140.obj)' ile veya 'C:\Anka2Project\Anka2Project\Source\Binary\binary\cryptlib.pdb' üzerinde bulunamadı; nesne, hata ayıklama bilgileri yokmuş gibi bağlanıyor
cryptopp_lib.lib(gf2n.obj) : warning LNK4099: PDB 'cryptlib.pdb', 'cryptopp_lib.lib(gf2n.obj)' ile veya 'C:\Anka2Project\Anka2Project\Source\Binary\binary\cryptlib.pdb' üzerinde bulunamadı; nesne, hata ayıklama bilgileri yokmuş gibi bağlanıyor
cryptopp_lib.lib(gf2n_simd.obj) : warning LNK4099: PDB 'cryptlib.pdb', 'cryptopp_lib.lib(gf2n_simd.obj)' ile veya 'C:\Anka2Project\Anka2Project\Source\Binary\binary\cryptlib.pdb' üzerinde bulunamadı; nesne, hata ayıklama bilgileri yokmuş gibi bağlanıyor
cryptopp_lib.lib(gfpcrypt.obj) : warning LNK4099: PDB 'cryptlib.pdb', 'cryptopp_lib.lib(gfpcrypt.obj)' ile veya 'C:\Anka2Project\Anka2Project\Source\Binary\binary\cryptlib.pdb' üzerinde bulunamadı; nesne, hata ayıklama bilgileri yokmuş gibi bağlanıyor
cryptopp_lib.lib(hex.obj) : warning LNK4099: PDB 'cryptlib.pdb', 'cryptopp_lib.lib(hex.obj)' ile veya 'C:\Anka2Project\Anka2Project\Source\Binary\binary\cryptlib.pdb' üzerinde bulunamadı; nesne, hata ayıklama bilgileri yokmuş gibi bağlanıyor
cryptopp_lib.lib(hmac.obj) : warning LNK4099: PDB 'cryptlib.pdb', 'cryptopp_lib.lib(hmac.obj)' ile veya 'C:\Anka2Project\Anka2Project\Source\Binary\binary\cryptlib.pdb' üzerinde bulunamadı; nesne, hata ayıklama bilgileri yokmuş gibi bağlanıyor
cryptopp_lib.lib(hrtimer.obj) : warning LNK4099: PDB 'cryptlib.pdb', 'cryptopp_lib.lib(hrtimer.obj)' ile veya 'C:\Anka2Project\Anka2Project\Source\Binary\binary\cryptlib.pdb' üzerinde bulunamadı; nesne, hata ayıklama bilgileri yokmuş gibi bağlanıyor
cryptopp_lib.lib(iterhash.obj) : warning LNK4099: PDB 'cryptlib.pdb', 'cryptopp_lib.lib(iterhash.obj)' ile veya 'C:\Anka2Project\Anka2Project\Source\Binary\binary\cryptlib.pdb' üzerinde bulunamadı; nesne, hata ayıklama bilgileri yokmuş gibi bağlanıyor
cryptopp_lib.lib(misc.obj) : warning LNK4099: PDB 'cryptlib.pdb', 'cryptopp_lib.lib(misc.obj)' ile veya 'C:\Anka2Project\Anka2Project\Source\Binary\binary\cryptlib.pdb' üzerinde bulunamadı; nesne, hata ayıklama bilgileri yokmuş gibi bağlanıyor
cryptopp_lib.lib(modes.obj) : warning LNK4099: PDB 'cryptlib.pdb', 'cryptopp_lib.lib(modes.obj)' ile veya 'C:\Anka2Project\Anka2Project\Source\Binary\binary\cryptlib.pdb' üzerinde bulunamadı; nesne, hata ayıklama bilgileri yokmuş gibi bağlanıyor
cryptopp_lib.lib(mqueue.obj) : warning LNK4099: PDB 'cryptlib.pdb', 'cryptopp_lib.lib(mqueue.obj)' ile veya 'C:\Anka2Project\Anka2Project\Source\Binary\binary\cryptlib.pdb' üzerinde bulunamadı; nesne, hata ayıklama bilgileri yokmuş gibi bağlanıyor
cryptopp_lib.lib(nbtheory.obj) : warning LNK4099: PDB 'cryptlib.pdb', 'cryptopp_lib.lib(nbtheory.obj)' ile veya 'C:\Anka2Project\Anka2Project\Source\Binary\binary\cryptlib.pdb' üzerinde bulunamadı; nesne, hata ayıklama bilgileri yokmuş gibi bağlanıyor
cryptopp_lib.lib(osrng.obj) : warning LNK4099: PDB 'cryptlib.pdb', 'cryptopp_lib.lib(osrng.obj)' ile veya 'C:\Anka2Project\Anka2Project\Source\Binary\binary\cryptlib.pdb' üzerinde bulunamadı; nesne, hata ayıklama bilgileri yokmuş gibi bağlanıyor
cryptopp_lib.lib(pch.obj) : warning LNK4099: PDB 'cryptlib.pdb', 'cryptopp_lib.lib(pch.obj)' ile veya 'C:\Anka2Project\Anka2Project\Source\Binary\binary\cryptlib.pdb' üzerinde bulunamadı; nesne, hata ayıklama bilgileri yokmuş gibi bağlanıyor
cryptopp_lib.lib(pubkey.obj) : warning LNK4099: PDB 'cryptlib.pdb', 'cryptopp_lib.lib(pubkey.obj)' ile veya 'C:\Anka2Project\Anka2Project\Source\Binary\binary\cryptlib.pdb' üzerinde bulunamadı; nesne, hata ayıklama bilgileri yokmuş gibi bağlanıyor
cryptopp_lib.lib(queue.obj) : warning LNK4099: PDB 'cryptlib.pdb', 'cryptopp_lib.lib(queue.obj)' ile veya 'C:\Anka2Project\Anka2Project\Source\Binary\binary\cryptlib.pdb' üzerinde bulunamadı; nesne, hata ayıklama bilgileri yokmuş gibi bağlanıyor
cryptopp_lib.lib(randpool.obj) : warning LNK4099: PDB 'cryptlib.pdb', 'cryptopp_lib.lib(randpool.obj)' ile veya 'C:\Anka2Project\Anka2Project\Source\Binary\binary\cryptlib.pdb' üzerinde bulunamadı; nesne, hata ayıklama bilgileri yokmuş gibi bağlanıyor
cryptopp_lib.lib(rdtables.obj) : warning LNK4099: PDB 'cryptlib.pdb', 'cryptopp_lib.lib(rdtables.obj)' ile veya 'C:\Anka2Project\Anka2Project\Source\Binary\binary\cryptlib.pdb' üzerinde bulunamadı; nesne, hata ayıklama bilgileri yokmuş gibi bağlanıyor
cryptopp_lib.lib(rijndael.obj) : warning LNK4099: PDB 'cryptlib.pdb', 'cryptopp_lib.lib(rijndael.obj)' ile veya 'C:\Anka2Project\Anka2Project\Source\Binary\binary\cryptlib.pdb' üzerinde bulunamadı; nesne, hata ayıklama bilgileri yokmuş gibi bağlanıyor
cryptopp_lib.lib(rijndael_simd.obj) : warning LNK4099: PDB 'cryptlib.pdb', 'cryptopp_lib.lib(rijndael_simd.obj)' ile veya 'C:\Anka2Project\Anka2Project\Source\Binary\binary\cryptlib.pdb' üzerinde bulunamadı; nesne, hata ayıklama bilgileri yokmuş gibi bağlanıyor
cryptopp_lib.lib(rng.obj) : warning LNK4099: PDB 'cryptlib.pdb', 'cryptopp_lib.lib(rng.obj)' ile veya 'C:\Anka2Project\Anka2Project\Source\Binary\binary\cryptlib.pdb' üzerinde bulunamadı; nesne, hata ayıklama bilgileri yokmuş gibi bağlanıyor
cryptopp_lib.lib(sha.obj) : warning LNK4099: PDB 'cryptlib.pdb', 'cryptopp_lib.lib(sha.obj)' ile veya 'C:\Anka2Project\Anka2Project\Source\Binary\binary\cryptlib.pdb' üzerinde bulunamadı; nesne, hata ayıklama bilgileri yokmuş gibi bağlanıyor
cryptopp_lib.lib(sha_simd.obj) : warning LNK4099: PDB 'cryptlib.pdb', 'cryptopp_lib.lib(sha_simd.obj)' ile veya 'C:\Anka2Project\Anka2Project\Source\Binary\binary\cryptlib.pdb' üzerinde bulunamadı; nesne, hata ayıklama bilgileri yokmuş gibi bağlanıyor
cryptopp_lib.lib(sse_simd.obj) : warning LNK4099: PDB 'cryptlib.pdb', 'cryptopp_lib.lib(sse_simd.obj)' ile veya 'C:\Anka2Project\Anka2Project\Source\Binary\binary\cryptlib.pdb' üzerinde bulunamadı; nesne, hata ayıklama bilgileri yokmuş gibi bağlanıyor
  UserInterface.vcxproj -> C:\Anka2Project\Anka2Project\Source\Binary\binary\Metin2Release.exe
