PUBLIC_IP: 192.168.1.110 interface em0
PK_PROTECT_LEVEL: 15PLAYER_MAX_LEVEL: 120
LocaleService tr
LocaleService en
LocaleService ro
LocaleService pt
LocaleService es
LocaleService fr
LocaleService de
LocaleService pl
LocaleService it
LocaleService cz
LocaleService hu
LocaleService tr
HOSTNAME: channel1_core2
AsyncSQL: connected to localhost (reconnect 1)
CommonSQL connected
Setting Locale "europe" (Path: locale/europe)
Setting DB to locale utf8mb4
AsyncSQL: connected to localhost (reconnect 1)
PlayerSQL connected
AsyncSQL: connected to localhost (reconnect 1)
LogSQL connected
AsyncSQL: connected to localhost (reconnect 1)
SKILL_POWER_BY_LEVEL 0 5 6 8 10 12 14 16 18 20 22 24 26 28 30 32 34 36 38 40 50 52 54 56 58 60 63 66 69 72 82 85 88 91 94 98 102 106 110 115 125 125 125 125 125
SKILL_POWER_BY_JOB 0 0 5 6 8 10 12 14 16 18 20 22 24 26 28 30 32 34 36 38 40 50 52 54 56 58 60 63 66 69 72 82 85 88 91 94 98 102 106 110 115 125 125 125 125 125
AsyncSQL: connected to localhost (reconnect 1)
SKILL_POWER_BY_JOB 1 0 5 6 8 10 12 14 16 18 20 22 24 26 28 30 32 34 36 38 40 50 52 54 56 58 60 63 66 69 72 82 85 88 91 94 98 102 106 110 115 125 125 125 125 125
SKILL_POWER_BY_JOB 2 0 5 6 8 10 12 14 16 18 20 22 24 26 28 30 32 34 36 38 40 50 52 54 56 58 60 63 66 69 72 82 85 88 91 94 98 102 106 110 115 125 125 125 125 125
SKILL_POWER_BY_JOB 3 0 5 6 8 10 12 14 16 18 20 22 24 26 28 30 32 34 36 38 40 50 52 54 56 58 60 63 66 69 72 82 85 88 91 94 98 102 106 110 115 125 125 125 125 125
SKILL_POWER_BY_JOB 4 0 5 6 8 10 12 14 16 18 20 22 24 26 28 30 32 34 36 38 40 50 52 54 56 58 60 63 66 69 72 82 85 88 91 94 98 102 106 110 115 125 125 125 125 125
SKILL_POWER_BY_JOB 5 0 5 6 8 10 12 14 16 18 20 22 24 26 28 30 32 34 36 38 40 50 52 54 56 58 60 63 66 69 72 82 85 88 91 94 98 102 106 110 115 125 125 125 125 125
SKILL_POWER_BY_JOB 6 0 5 6 8 10 12 14 16 18 20 22 24 26 28 30 32 34 36 38 40 50 52 54 56 58 60 63 66 69 72 82 85 88 91 94 98 102 106 110 115 125 125 125 125 125
SKILL_POWER_BY_JOB 7 0 5 6 8 10 12 14 16 18 20 22 24 26 28 30 32 34 36 38 40 50 52 54 56 58 60 63 66 69 72 82 85 88 91 94 98 102 106 110 115 125 125 125 125 125
MAP ALLOW 21
MAP ALLOW 24
MAP ALLOW 25
MAP ALLOW 26
MAP ALLOW 108
MAP ALLOW 61
MAP ALLOW 63
MAP ALLOW 69
MAP ALLOW 70
MAP ALLOW 73
MAP ALLOW 208
MAP ALLOW 217
MAP ALLOW 303
MAP ALLOW 352
-----------------------------------------------
TEST_SERVER
-----------------------------------------------
